2023-12-30 13:37:21.207 | INFO     | rivals_workshop_assistant.custom_logging:log_startup_context:33 - Assistant Version: 1.3.0
2023-12-30 13:37:21.208 | INFO     | rivals_workshop_assistant.custom_logging:log_startup_context:35 - Exe dir: C:\Users\fang8\AppData\Roaming\AceGM\GMEdit\plugins\rivals-workshop-assistant-gmedit
2023-12-30 13:37:21.208 | INFO     | rivals_workshop_assistant.custom_logging:log_startup_context:36 - Root dir: C:\Users\fang8\AppData\Local\RivalsofAether\workshop\HoratioRivalsChar
2023-12-30 13:37:21.208 | INFO     | rivals_workshop_assistant.custom_logging:log_startup_context:37 - Mode: SCRIPTS
2023-12-30 13:37:21.208 | INFO     | rivals_workshop_assistant.info_files:read:15 - File not found, and being treated as empty: C:\Users\fang8\AppData\Local\RivalsofAether\workshop\HoratioRivalsChar\assistant\.assistant
2023-12-30 13:37:21.212 | ERROR    | __main__:run_as_file:68 - An error has been caught in function 'run_as_file', process 'MainProcess' (20240), thread 'MainThread' (13316):
Traceback (most recent call last):

  File "rivals_workshop_assistant\main.py", line 215, in <module>

> File "rivals_workshop_assistant\main.py", line 68, in run_as_file

  File "rivals_workshop_assistant\main.py", line 99, in run_main_asyncio

  File "asyncio\runners.py", line 44, in run

  File "asyncio\base_events.py", line 647, in run_until_complete

  File "rivals_workshop_assistant\main.py", line 136, in main

  File "rivals_workshop_assistant\main.py", line 174, in update_files

  File "rivals_workshop_assistant\run_context.py", line 25, in make_run_context_from_paths

  File "rivals_workshop_assistant\run_context.py", line 49, in read_core_files

  File "rivals_workshop_assistant\run_context.py", line 49, in <listcomp>

  File "rivals_workshop_assistant\character_config_mod.py", line 19, in read

  File "configparser.py", line 697, in read

  File "configparser.py", line 1020, in _read

  File "encodings\cp1252.py", line 23, in decode

UnicodeDecodeError: 'charmap' codec can't decode byte 0x9d in position 762: character maps to <undefined>
